{"D:/Projetos-Api/api-medical_appointment/src/server.ts": {"path":"D:/Projetos-Api/api-medical_appointment/src/server.ts","statementMap":{"0":{"start":{"line":10,"column":12},"end":{"line":10,"column":null}},"1":{"start":{"line":12,"column":0},"end":{"line":12,"column":null}},"2":{"start":{"line":14,"column":0},"end":{"line":14,"column":null}},"3":{"start":{"line":16,"column":0},"end":{"line":16,"column":null}},"4":{"start":{"line":17,"column":0},"end":{"line":17,"column":null}},"5":{"start":{"line":19,"column":0},"end":{"line":19,"column":null}},"6":{"start":{"line":19,"column":23},"end":{"line":19,"column":69}}},"fnMap":{"0":{"name":"(anonymous_0)","decl":{"start":{"line":19,"column":17},"end":{"line":19,"column":23}},"loc":{"start":{"line":19,"column":23},"end":{"line":19,"column":69}}}},"branchMap":{},"s":{"0":0,"1":0,"2":0,"3":0,"4":0,"5":0,"6":0},"f":{"0":0},"b":{}}
,"D:/Projetos-Api/api-medical_appointment/src/errors/custom.error.ts": {"path":"D:/Projetos-Api/api-medical_appointment/src/errors/custom.error.ts","statementMap":{"0":{"start":{"line":6,"column":6},"end":{"line":6,"column":null}},"1":{"start":{"line":7,"column":6},"end":{"line":7,"column":null}},"2":{"start":{"line":8,"column":6},"end":{"line":8,"column":null}}},"fnMap":{"0":{"name":"(anonymous_0)","decl":{"start":{"line":5,"column":4},"end":{"line":5,"column":16}},"loc":{"start":{"line":5,"column":62},"end":{"line":9,"column":null}}}},"branchMap":{"0":{"loc":{"start":{"line":5,"column":33},"end":{"line":5,"column":51}},"type":"default-arg","locations":[{"start":{"line":5,"column":46},"end":{"line":5,"column":51}}]},"1":{"loc":{"start":{"line":5,"column":51},"end":{"line":5,"column":62}},"type":"default-arg","locations":[{"start":{"line":5,"column":58},"end":{"line":5,"column":62}}]}},"s":{"0":3,"1":3,"2":3},"f":{"0":3},"b":{"0":[3],"1":[3]}}
,"D:/Projetos-Api/api-medical_appointment/src/errors/parameter-required.error.ts": {"path":"D:/Projetos-Api/api-medical_appointment/src/errors/parameter-required.error.ts","statementMap":{"0":{"start":{"line":5,"column":4},"end":{"line":5,"column":null}},"1":{"start":{"line":6,"column":4},"end":{"line":6,"column":null}},"2":{"start":{"line":7,"column":4},"end":{"line":7,"column":null}}},"fnMap":{"0":{"name":"(anonymous_0)","decl":{"start":{"line":4,"column":2},"end":{"line":4,"column":14}},"loc":{"start":{"line":4,"column":52},"end":{"line":8,"column":null}}}},"branchMap":{},"s":{"0":0,"1":0,"2":0},"f":{"0":0},"b":{}}
,"D:/Projetos-Api/api-medical_appointment/src/infra/database/prisma.config.ts": {"path":"D:/Projetos-Api/api-medical_appointment/src/infra/database/prisma.config.ts","statementMap":{"0":{"start":{"line":3,"column":21},"end":{"line":3,"column":null}}},"fnMap":{},"branchMap":{},"s":{"0":0},"f":{},"b":{}}
,"D:/Projetos-Api/api-medical_appointment/src/infra/http/middleware/ensure-admin.middleware.ts": {"path":"D:/Projetos-Api/api-medical_appointment/src/infra/http/middleware/ensure-admin.middleware.ts","statementMap":{"0":{"start":{"line":4,"column":28},"end":{"line":18,"column":null}},"1":{"start":{"line":6,"column":27},"end":{"line":6,"column":null}},"2":{"start":{"line":7,"column":17},"end":{"line":7,"column":null}},"3":{"start":{"line":9,"column":4},"end":{"line":11,"column":null}},"4":{"start":{"line":10,"column":8},"end":{"line":10,"column":null}},"5":{"start":{"line":13,"column":4},"end":{"line":15,"column":null}},"6":{"start":{"line":14,"column":8},"end":{"line":14,"column":null}},"7":{"start":{"line":17,"column":4},"end":{"line":17,"column":null}}},"fnMap":{"0":{"name":"(anonymous_0)","decl":{"start":{"line":4,"column":28},"end":{"line":4,"column":35}},"loc":{"start":{"line":4,"column":96},"end":{"line":18,"column":null}}}},"branchMap":{"0":{"loc":{"start":{"line":9,"column":4},"end":{"line":11,"column":null}},"type":"if","locations":[{"start":{"line":9,"column":4},"end":{"line":11,"column":null}},{"start":{"line":9,"column":4},"end":{"line":11,"column":null}}]},"1":{"loc":{"start":{"line":13,"column":4},"end":{"line":15,"column":null}},"type":"if","locations":[{"start":{"line":13,"column":4},"end":{"line":15,"column":null}},{"start":{"line":13,"column":4},"end":{"line":15,"column":null}}]}},"s":{"0":0,"1":0,"2":0,"3":0,"4":0,"5":0,"6":0,"7":0},"f":{"0":0},"b":{"0":[0,0],"1":[0,0]}}
,"D:/Projetos-Api/api-medical_appointment/src/infra/http/middleware/ensure-authenticate.middleware.ts": {"path":"D:/Projetos-Api/api-medical_appointment/src/infra/http/middleware/ensure-authenticate.middleware.ts","statementMap":{"0":{"start":{"line":7,"column":34},"end":{"line":38,"column":null}},"1":{"start":{"line":9,"column":24},"end":{"line":9,"column":null}},"2":{"start":{"line":11,"column":4},"end":{"line":15,"column":null}},"3":{"start":{"line":12,"column":8},"end":{"line":14,"column":null}},"4":{"start":{"line":17,"column":21},"end":{"line":17,"column":null}},"5":{"start":{"line":21,"column":4},"end":{"line":25,"column":null}},"6":{"start":{"line":22,"column":8},"end":{"line":24,"column":null}},"7":{"start":{"line":27,"column":24},"end":{"line":27,"column":null}},"8":{"start":{"line":29,"column":4},"end":{"line":32,"column":null}},"9":{"start":{"line":30,"column":8},"end":{"line":30,"column":null}},"10":{"start":{"line":31,"column":8},"end":{"line":31,"column":null}},"11":{"start":{"line":34,"column":4},"end":{"line":37,"column":null}}},"fnMap":{"0":{"name":"(anonymous_0)","decl":{"start":{"line":7,"column":34},"end":{"line":7,"column":35}},"loc":{"start":{"line":7,"column":96},"end":{"line":38,"column":null}}}},"branchMap":{"0":{"loc":{"start":{"line":11,"column":4},"end":{"line":15,"column":null}},"type":"if","locations":[{"start":{"line":11,"column":4},"end":{"line":15,"column":null}},{"start":{"line":11,"column":4},"end":{"line":15,"column":null}}]},"1":{"loc":{"start":{"line":21,"column":4},"end":{"line":25,"column":null}},"type":"if","locations":[{"start":{"line":21,"column":4},"end":{"line":25,"column":null}},{"start":{"line":21,"column":4},"end":{"line":25,"column":null}}]},"2":{"loc":{"start":{"line":29,"column":4},"end":{"line":32,"column":null}},"type":"if","locations":[{"start":{"line":29,"column":4},"end":{"line":32,"column":null}},{"start":{"line":29,"column":4},"end":{"line":32,"column":null}}]}},"s":{"0":0,"1":0,"2":0,"3":0,"4":0,"5":0,"6":0,"7":0,"8":0,"9":0,"10":0,"11":0},"f":{"0":0},"b":{"0":[0,0],"1":[0,0],"2":[0,0]}}
,"D:/Projetos-Api/api-medical_appointment/src/infra/shared/crypto/password.bcrypt.ts": {"path":"D:/Projetos-Api/api-medical_appointment/src/infra/shared/crypto/password.bcrypt.ts","statementMap":{"0":{"start":{"line":8,"column":8},"end":{"line":8,"column":null}},"1":{"start":{"line":11,"column":8},"end":{"line":11,"column":null}}},"fnMap":{"0":{"name":"(anonymous_0)","decl":{"start":{"line":7,"column":4},"end":{"line":7,"column":9}},"loc":{"start":{"line":7,"column":44},"end":{"line":9,"column":null}}},"1":{"name":"(anonymous_1)","decl":{"start":{"line":10,"column":4},"end":{"line":10,"column":10}},"loc":{"start":{"line":10,"column":76},"end":{"line":12,"column":null}}}},"branchMap":{},"s":{"0":0,"1":0},"f":{"0":0,"1":0},"b":{}}
,"D:/Projetos-Api/api-medical_appointment/src/infra/shared/token/jwt.token.ts": {"path":"D:/Projetos-Api/api-medical_appointment/src/infra/shared/token/jwt.token.ts","statementMap":{"0":{"start":{"line":9,"column":4},"end":{"line":9,"column":null}},"1":{"start":{"line":11,"column":4},"end":{"line":11,"column":null}},"2":{"start":{"line":14,"column":22},"end":{"line":23,"column":null}},"3":{"start":{"line":24,"column":8},"end":{"line":24,"column":null}},"4":{"start":{"line":29,"column":8},"end":{"line":34,"column":null}},"5":{"start":{"line":30,"column":12},"end":{"line":30,"column":null}},"6":{"start":{"line":33,"column":12},"end":{"line":33,"column":null}}},"fnMap":{"0":{"name":"(anonymous_0)","decl":{"start":{"line":7,"column":7},"end":{"line":7,"column":13}},"loc":{"start":{"line":7,"column":7},"end":{"line":11,"column":null}}},"1":{"name":"(anonymous_1)","decl":{"start":{"line":13,"column":4},"end":{"line":13,"column":11}},"loc":{"start":{"line":13,"column":52},"end":{"line":25,"column":null}}},"2":{"name":"(anonymous_2)","decl":{"start":{"line":27,"column":4},"end":{"line":27,"column":11}},"loc":{"start":{"line":27,"column":44},"end":{"line":35,"column":null}}}},"branchMap":{"0":{"loc":{"start":{"line":9,"column":27},"end":{"line":9,"column":null}},"type":"binary-expr","locations":[{"start":{"line":9,"column":27},"end":{"line":9,"column":59}},{"start":{"line":9,"column":59},"end":{"line":9,"column":null}}]}},"s":{"0":0,"1":0,"2":0,"3":0,"4":0,"5":0,"6":0},"f":{"0":0,"1":0,"2":0},"b":{"0":[0,0]}}
,"D:/Projetos-Api/api-medical_appointment/src/modules/doctor/entities/doctor.entity.ts": {"path":"D:/Projetos-Api/api-medical_appointment/src/modules/doctor/entities/doctor.entity.ts","statementMap":{"0":{"start":{"line":23,"column":8},"end":{"line":25,"column":null}},"1":{"start":{"line":24,"column":12},"end":{"line":24,"column":null}},"2":{"start":{"line":27,"column":8},"end":{"line":29,"column":null}},"3":{"start":{"line":28,"column":12},"end":{"line":28,"column":null}},"4":{"start":{"line":31,"column":8},"end":{"line":33,"column":null}},"5":{"start":{"line":32,"column":12},"end":{"line":32,"column":null}},"6":{"start":{"line":35,"column":8},"end":{"line":35,"column":null}},"7":{"start":{"line":36,"column":8},"end":{"line":36,"column":null}},"8":{"start":{"line":37,"column":8},"end":{"line":37,"column":null}},"9":{"start":{"line":38,"column":8},"end":{"line":38,"column":null}},"10":{"start":{"line":39,"column":8},"end":{"line":39,"column":null}},"11":{"start":{"line":44,"column":23},"end":{"line":44,"column":null}},"12":{"start":{"line":45,"column":8},"end":{"line":45,"column":null}}},"fnMap":{"0":{"name":"(anonymous_0)","decl":{"start":{"line":21,"column":12},"end":{"line":21,"column":24}},"loc":{"start":{"line":21,"column":44},"end":{"line":41,"column":null}}},"1":{"name":"(anonymous_1)","decl":{"start":{"line":43,"column":4},"end":{"line":43,"column":11}},"loc":{"start":{"line":43,"column":38},"end":{"line":46,"column":null}}}},"branchMap":{"0":{"loc":{"start":{"line":23,"column":8},"end":{"line":25,"column":null}},"type":"if","locations":[{"start":{"line":23,"column":8},"end":{"line":25,"column":null}},{"start":{"line":23,"column":8},"end":{"line":25,"column":null}}]},"1":{"loc":{"start":{"line":27,"column":8},"end":{"line":29,"column":null}},"type":"if","locations":[{"start":{"line":27,"column":8},"end":{"line":29,"column":null}},{"start":{"line":27,"column":8},"end":{"line":29,"column":null}}]},"2":{"loc":{"start":{"line":31,"column":8},"end":{"line":33,"column":null}},"type":"if","locations":[{"start":{"line":31,"column":8},"end":{"line":33,"column":null}},{"start":{"line":31,"column":8},"end":{"line":33,"column":null}}]}},"s":{"0":4,"1":1,"2":3,"3":1,"4":2,"5":1,"6":1,"7":1,"8":1,"9":1,"10":1,"11":4,"12":1},"f":{"0":4,"1":4},"b":{"0":[1,3],"1":[1,2],"2":[1,1]}}
,"D:/Projetos-Api/api-medical_appointment/src/modules/speciality/entities/speciality.entity.ts": {"path":"D:/Projetos-Api/api-medical_appointment/src/modules/speciality/entities/speciality.entity.ts","statementMap":{"0":{"start":{"line":16,"column":8},"end":{"line":16,"column":null}},"1":{"start":{"line":17,"column":8},"end":{"line":17,"column":null}},"2":{"start":{"line":18,"column":8},"end":{"line":18,"column":null}},"3":{"start":{"line":19,"column":8},"end":{"line":19,"column":null}},"4":{"start":{"line":24,"column":8},"end":{"line":26,"column":null}},"5":{"start":{"line":25,"column":12},"end":{"line":25,"column":null}},"6":{"start":{"line":29,"column":27},"end":{"line":29,"column":null}},"7":{"start":{"line":30,"column":8},"end":{"line":30,"column":null}}},"fnMap":{"0":{"name":"(anonymous_0)","decl":{"start":{"line":15,"column":4},"end":{"line":15,"column":16}},"loc":{"start":{"line":15,"column":50},"end":{"line":20,"column":null}}},"1":{"name":"(anonymous_1)","decl":{"start":{"line":22,"column":4},"end":{"line":22,"column":11}},"loc":{"start":{"line":22,"column":38},"end":{"line":31,"column":null}}}},"branchMap":{"0":{"loc":{"start":{"line":24,"column":8},"end":{"line":26,"column":null}},"type":"if","locations":[{"start":{"line":24,"column":8},"end":{"line":26,"column":null}},{"start":{"line":24,"column":8},"end":{"line":26,"column":null}}]}},"s":{"0":0,"1":0,"2":0,"3":0,"4":0,"5":0,"6":0,"7":0},"f":{"0":0,"1":0},"b":{"0":[0,0]}}
,"D:/Projetos-Api/api-medical_appointment/src/modules/speciality/repositories/implementations/speciality.prisma.respository.ts": {"path":"D:/Projetos-Api/api-medical_appointment/src/modules/speciality/repositories/implementations/speciality.prisma.respository.ts","statementMap":{"0":{"start":{"line":9,"column":27},"end":{"line":15,"column":null}},"1":{"start":{"line":17,"column":8},"end":{"line":17,"column":null}},"2":{"start":{"line":21,"column":8},"end":{"line":25,"column":null}}},"fnMap":{"0":{"name":"(anonymous_0)","decl":{"start":{"line":7,"column":4},"end":{"line":7,"column":10}},"loc":{"start":{"line":7,"column":54},"end":{"line":18,"column":null}}},"1":{"name":"(anonymous_1)","decl":{"start":{"line":20,"column":4},"end":{"line":20,"column":10}},"loc":{"start":{"line":20,"column":63},"end":{"line":26,"column":null}}}},"branchMap":{},"s":{"0":0,"1":0,"2":0},"f":{"0":0,"1":0},"b":{}}
,"D:/Projetos-Api/api-medical_appointment/src/modules/speciality/useCases/create-spciality/create-speciality.controller.ts": {"path":"D:/Projetos-Api/api-medical_appointment/src/modules/speciality/useCases/create-spciality/create-speciality.controller.ts","statementMap":{"0":{"start":{"line":8,"column":24},"end":{"line":8,"column":70}},"1":{"start":{"line":14,"column":8},"end":{"line":24,"column":null}},"2":{"start":{"line":15,"column":24},"end":{"line":15,"column":null}},"3":{"start":{"line":17,"column":23},"end":{"line":17,"column":null}},"4":{"start":{"line":19,"column":8},"end":{"line":19,"column":null}},"5":{"start":{"line":21,"column":12},"end":{"line":23,"column":null}}},"fnMap":{"0":{"name":"(anonymous_0)","decl":{"start":{"line":8,"column":4},"end":{"line":8,"column":24}},"loc":{"start":{"line":8,"column":70},"end":{"line":10,"column":null}}},"1":{"name":"(anonymous_1)","decl":{"start":{"line":13,"column":4},"end":{"line":13,"column":10}},"loc":{"start":{"line":13,"column":55},"end":{"line":25,"column":null}}}},"branchMap":{"0":{"loc":{"start":{"line":21,"column":35},"end":{"line":21,"column":56}},"type":"binary-expr","locations":[{"start":{"line":21,"column":35},"end":{"line":21,"column":53}},{"start":{"line":21,"column":53},"end":{"line":21,"column":56}}]}},"s":{"0":0,"1":0,"2":0,"3":0,"4":0,"5":0},"f":{"0":0,"1":0},"b":{"0":[0,0]}}
,"D:/Projetos-Api/api-medical_appointment/src/modules/speciality/useCases/create-spciality/create-speciality.usecase.ts": {"path":"D:/Projetos-Api/api-medical_appointment/src/modules/speciality/useCases/create-spciality/create-speciality.usecase.ts","statementMap":{"0":{"start":{"line":13,"column":24},"end":{"line":13,"column":69}},"1":{"start":{"line":16,"column":27},"end":{"line":16,"column":null}},"2":{"start":{"line":18,"column":32},"end":{"line":18,"column":null}},"3":{"start":{"line":20,"column":8},"end":{"line":22,"column":null}},"4":{"start":{"line":21,"column":12},"end":{"line":21,"column":null}},"5":{"start":{"line":24,"column":34},"end":{"line":24,"column":null}},"6":{"start":{"line":26,"column":8},"end":{"line":26,"column":null}}},"fnMap":{"0":{"name":"(anonymous_0)","decl":{"start":{"line":13,"column":4},"end":{"line":13,"column":24}},"loc":{"start":{"line":13,"column":69},"end":{"line":13,"column":null}}},"1":{"name":"(anonymous_1)","decl":{"start":{"line":15,"column":4},"end":{"line":15,"column":10}},"loc":{"start":{"line":15,"column":43},"end":{"line":27,"column":null}}}},"branchMap":{"0":{"loc":{"start":{"line":20,"column":8},"end":{"line":22,"column":null}},"type":"if","locations":[{"start":{"line":20,"column":8},"end":{"line":22,"column":null}},{"start":{"line":20,"column":8},"end":{"line":22,"column":null}}]}},"s":{"0":0,"1":0,"2":0,"3":0,"4":0,"5":0,"6":0},"f":{"0":0,"1":0},"b":{"0":[0,0]}}
,"D:/Projetos-Api/api-medical_appointment/src/modules/speciality/useCases/create-spciality/index.ts": {"path":"D:/Projetos-Api/api-medical_appointment/src/modules/speciality/useCases/create-spciality/index.ts","statementMap":{"0":{"start":{"line":4,"column":35},"end":{"line":4,"column":null}},"1":{"start":{"line":5,"column":35},"end":{"line":5,"column":null}}},"fnMap":{},"branchMap":{},"s":{"0":0,"1":0},"f":{},"b":{}}
,"D:/Projetos-Api/api-medical_appointment/src/modules/users/entities/user.entity.ts": {"path":"D:/Projetos-Api/api-medical_appointment/src/modules/users/entities/user.entity.ts","statementMap":{"0":{"start":{"line":18,"column":4},"end":{"line":18,"column":null}},"1":{"start":{"line":19,"column":4},"end":{"line":19,"column":null}},"2":{"start":{"line":20,"column":4},"end":{"line":20,"column":null}},"3":{"start":{"line":21,"column":4},"end":{"line":21,"column":null}},"4":{"start":{"line":22,"column":4},"end":{"line":22,"column":null}},"5":{"start":{"line":26,"column":17},"end":{"line":26,"column":null}},"6":{"start":{"line":27,"column":4},"end":{"line":27,"column":null}}},"fnMap":{"0":{"name":"(anonymous_0)","decl":{"start":{"line":17,"column":2},"end":{"line":17,"column":14}},"loc":{"start":{"line":17,"column":27},"end":{"line":23,"column":null}}},"1":{"name":"(anonymous_1)","decl":{"start":{"line":25,"column":2},"end":{"line":25,"column":9}},"loc":{"start":{"line":25,"column":30},"end":{"line":28,"column":null}}}},"branchMap":{},"s":{"0":0,"1":0,"2":0,"3":0,"4":0,"5":0,"6":0},"f":{"0":0,"1":0},"b":{}}
,"D:/Projetos-Api/api-medical_appointment/src/modules/users/repositories/implementations/user.memory.repository.ts": {"path":"D:/Projetos-Api/api-medical_appointment/src/modules/users/repositories/implementations/user.memory.repository.ts","statementMap":{"0":{"start":{"line":11,"column":2},"end":{"line":11,"column":null}},"1":{"start":{"line":16,"column":2},"end":{"line":18,"column":null}},"2":{"start":{"line":17,"column":4},"end":{"line":17,"column":null}},"3":{"start":{"line":20,"column":2},"end":{"line":20,"column":null}},"4":{"start":{"line":24,"column":4},"end":{"line":24,"column":null}},"5":{"start":{"line":24,"column":35},"end":{"line":24,"column":61}},"6":{"start":{"line":29,"column":4},"end":{"line":29,"column":null}},"7":{"start":{"line":30,"column":4},"end":{"line":30,"column":null}}},"fnMap":{"0":{"name":"(anonymous_0)","decl":{"start":{"line":10,"column":0},"end":{"line":10,"column":14}},"loc":{"start":{"line":10,"column":14},"end":{"line":12,"column":null}}},"1":{"name":"(anonymous_1)","decl":{"start":{"line":14,"column":0},"end":{"line":14,"column":7}},"loc":{"start":{"line":14,"column":20},"end":{"line":21,"column":null}}},"2":{"name":"(anonymous_2)","decl":{"start":{"line":23,"column":2},"end":{"line":23,"column":8}},"loc":{"start":{"line":23,"column":41},"end":{"line":26,"column":null}}},"3":{"name":"(anonymous_3)","decl":{"start":{"line":24,"column":27},"end":{"line":24,"column":35}},"loc":{"start":{"line":24,"column":35},"end":{"line":24,"column":61}}},"4":{"name":"(anonymous_4)","decl":{"start":{"line":28,"column":2},"end":{"line":28,"column":8}},"loc":{"start":{"line":28,"column":25},"end":{"line":31,"column":null}}}},"branchMap":{"0":{"loc":{"start":{"line":16,"column":2},"end":{"line":18,"column":null}},"type":"if","locations":[{"start":{"line":16,"column":2},"end":{"line":18,"column":null}},{"start":{"line":16,"column":2},"end":{"line":18,"column":null}}]}},"s":{"0":0,"1":0,"2":0,"3":0,"4":0,"5":0,"6":0,"7":0},"f":{"0":0,"1":0,"2":0,"3":0,"4":0},"b":{"0":[0,0]}}
,"D:/Projetos-Api/api-medical_appointment/src/modules/users/repositories/implementations/user.prisma.repository.ts": {"path":"D:/Projetos-Api/api-medical_appointment/src/modules/users/repositories/implementations/user.prisma.repository.ts","statementMap":{"0":{"start":{"line":9,"column":17},"end":{"line":13,"column":null}},"1":{"start":{"line":15,"column":4},"end":{"line":15,"column":null}},"2":{"start":{"line":19,"column":17},"end":{"line":25,"column":null}},"3":{"start":{"line":27,"column":4},"end":{"line":27,"column":null}},"4":{"start":{"line":31,"column":4},"end":{"line":35,"column":null}}},"fnMap":{"0":{"name":"(anonymous_0)","decl":{"start":{"line":7,"column":2},"end":{"line":7,"column":8}},"loc":{"start":{"line":7,"column":68},"end":{"line":16,"column":null}}},"1":{"name":"(anonymous_1)","decl":{"start":{"line":17,"column":2},"end":{"line":17,"column":8}},"loc":{"start":{"line":17,"column":40},"end":{"line":28,"column":null}}},"2":{"name":"(anonymous_2)","decl":{"start":{"line":30,"column":2},"end":{"line":30,"column":8}},"loc":{"start":{"line":30,"column":51},"end":{"line":36,"column":null}}}},"branchMap":{"0":{"loc":{"start":{"line":15,"column":11},"end":{"line":15,"column":null}},"type":"binary-expr","locations":[{"start":{"line":15,"column":11},"end":{"line":15,"column":19}},{"start":{"line":15,"column":19},"end":{"line":15,"column":null}}]}},"s":{"0":0,"1":0,"2":0,"3":0,"4":0},"f":{"0":0,"1":0,"2":0},"b":{"0":[0,0]}}
,"D:/Projetos-Api/api-medical_appointment/src/modules/users/useCases/authenticate-user/authenticate-user.controller.ts": {"path":"D:/Projetos-Api/api-medical_appointment/src/modules/users/useCases/authenticate-user/authenticate-user.controller.ts","statementMap":{"0":{"start":{"line":11,"column":16},"end":{"line":11,"column":null}},"1":{"start":{"line":12,"column":16},"end":{"line":12,"column":null}},"2":{"start":{"line":13,"column":16},"end":{"line":13,"column":null}},"3":{"start":{"line":18,"column":8},"end":{"line":35,"column":null}},"4":{"start":{"line":19,"column":25},"end":{"line":19,"column":null}},"5":{"start":{"line":21,"column":44},"end":{"line":24,"column":null}},"6":{"start":{"line":26,"column":27},"end":{"line":26,"column":null}},"7":{"start":{"line":28,"column":12},"end":{"line":28,"column":null}},"8":{"start":{"line":31,"column":12},"end":{"line":33,"column":null}}},"fnMap":{"0":{"name":"(anonymous_0)","decl":{"start":{"line":10,"column":4},"end":{"line":10,"column":null}},"loc":{"start":{"line":14,"column":5},"end":{"line":14,"column":null}}},"1":{"name":"(anonymous_1)","decl":{"start":{"line":16,"column":4},"end":{"line":16,"column":10}},"loc":{"start":{"line":16,"column":54},"end":{"line":36,"column":null}}}},"branchMap":{},"s":{"0":0,"1":0,"2":0,"3":0,"4":0,"5":0,"6":0,"7":0,"8":0},"f":{"0":0,"1":0},"b":{}}
,"D:/Projetos-Api/api-medical_appointment/src/modules/users/useCases/authenticate-user/authenticate-user.usecase.ts": {"path":"D:/Projetos-Api/api-medical_appointment/src/modules/users/useCases/authenticate-user/authenticate-user.usecase.ts","statementMap":{"0":{"start":{"line":21,"column":16},"end":{"line":21,"column":null}},"1":{"start":{"line":22,"column":16},"end":{"line":22,"column":null}},"2":{"start":{"line":23,"column":16},"end":{"line":23,"column":null}},"3":{"start":{"line":28,"column":8},"end":{"line":30,"column":null}},"4":{"start":{"line":29,"column":12},"end":{"line":29,"column":null}},"5":{"start":{"line":32,"column":17},"end":{"line":32,"column":null}},"6":{"start":{"line":35,"column":4},"end":{"line":37,"column":null}},"7":{"start":{"line":36,"column":8},"end":{"line":36,"column":null}},"8":{"start":{"line":39,"column":34},"end":{"line":39,"column":null}},"9":{"start":{"line":41,"column":4},"end":{"line":43,"column":null}},"10":{"start":{"line":42,"column":8},"end":{"line":42,"column":null}},"11":{"start":{"line":45,"column":25},"end":{"line":45,"column":null}},"12":{"start":{"line":48,"column":4},"end":{"line":48,"column":null}}},"fnMap":{"0":{"name":"(anonymous_0)","decl":{"start":{"line":20,"column":4},"end":{"line":20,"column":null}},"loc":{"start":{"line":24,"column":9},"end":{"line":24,"column":null}}},"1":{"name":"(anonymous_1)","decl":{"start":{"line":26,"column":4},"end":{"line":26,"column":10}},"loc":{"start":{"line":26,"column":60},"end":{"line":50,"column":null}}}},"branchMap":{"0":{"loc":{"start":{"line":28,"column":8},"end":{"line":30,"column":null}},"type":"if","locations":[{"start":{"line":28,"column":8},"end":{"line":30,"column":null}},{"start":{"line":28,"column":8},"end":{"line":30,"column":null}}]},"1":{"loc":{"start":{"line":28,"column":11},"end":{"line":28,"column":35}},"type":"binary-expr","locations":[{"start":{"line":28,"column":11},"end":{"line":28,"column":24}},{"start":{"line":28,"column":24},"end":{"line":28,"column":35}}]},"2":{"loc":{"start":{"line":35,"column":4},"end":{"line":37,"column":null}},"type":"if","locations":[{"start":{"line":35,"column":4},"end":{"line":37,"column":null}},{"start":{"line":35,"column":4},"end":{"line":37,"column":null}}]},"3":{"loc":{"start":{"line":41,"column":4},"end":{"line":43,"column":null}},"type":"if","locations":[{"start":{"line":41,"column":4},"end":{"line":43,"column":null}},{"start":{"line":41,"column":4},"end":{"line":43,"column":null}}]}},"s":{"0":0,"1":0,"2":0,"3":0,"4":0,"5":0,"6":0,"7":0,"8":0,"9":0,"10":0,"11":0,"12":0},"f":{"0":0,"1":0},"b":{"0":[0,0],"1":[0,0],"2":[0,0],"3":[0,0]}}
,"D:/Projetos-Api/api-medical_appointment/src/modules/users/useCases/authenticate-user/index.ts": {"path":"D:/Projetos-Api/api-medical_appointment/src/modules/users/useCases/authenticate-user/index.ts","statementMap":{"0":{"start":{"line":7,"column":29},"end":{"line":7,"column":null}},"1":{"start":{"line":8,"column":23},"end":{"line":8,"column":null}},"2":{"start":{"line":9,"column":14},"end":{"line":9,"column":null}},"3":{"start":{"line":11,"column":35},"end":{"line":11,"column":null}}},"fnMap":{},"branchMap":{},"s":{"0":0,"1":0,"2":0,"3":0},"f":{},"b":{}}
,"D:/Projetos-Api/api-medical_appointment/src/modules/users/useCases/create-user/create-user.controller.ts": {"path":"D:/Projetos-Api/api-medical_appointment/src/modules/users/useCases/create-user/create-user.controller.ts","statementMap":{"0":{"start":{"line":9,"column":22},"end":{"line":9,"column":65}},"1":{"start":{"line":9,"column":65},"end":{"line":9,"column":97}},"2":{"start":{"line":14,"column":4},"end":{"line":14,"column":null}},"3":{"start":{"line":15,"column":4},"end":{"line":27,"column":null}},"4":{"start":{"line":16,"column":19},"end":{"line":16,"column":null}},"5":{"start":{"line":18,"column":20},"end":{"line":18,"column":null}},"6":{"start":{"line":19,"column":19},"end":{"line":19,"column":null}},"7":{"start":{"line":21,"column":4},"end":{"line":21,"column":null}},"8":{"start":{"line":23,"column":6},"end":{"line":23,"column":null}},"9":{"start":{"line":24,"column":6},"end":{"line":26,"column":null}}},"fnMap":{"0":{"name":"(anonymous_0)","decl":{"start":{"line":9,"column":2},"end":{"line":9,"column":22}},"loc":{"start":{"line":9,"column":97},"end":{"line":11,"column":null}}},"1":{"name":"(anonymous_1)","decl":{"start":{"line":13,"column":2},"end":{"line":13,"column":8}},"loc":{"start":{"line":13,"column":52},"end":{"line":29,"column":null}}}},"branchMap":{},"s":{"0":0,"1":0,"2":0,"3":0,"4":0,"5":0,"6":0,"7":0,"8":0,"9":0},"f":{"0":0,"1":0},"b":{}}
,"D:/Projetos-Api/api-medical_appointment/src/modules/users/useCases/create-user/create-user.usecase.ts": {"path":"D:/Projetos-Api/api-medical_appointment/src/modules/users/useCases/create-user/create-user.usecase.ts","statementMap":{"0":{"start":{"line":15,"column":22},"end":{"line":15,"column":65}},"1":{"start":{"line":15,"column":65},"end":{"line":15,"column":97}},"2":{"start":{"line":19,"column":17},"end":{"line":19,"column":null}},"3":{"start":{"line":21,"column":4},"end":{"line":23,"column":null}},"4":{"start":{"line":22,"column":6},"end":{"line":22,"column":null}},"5":{"start":{"line":25,"column":22},"end":{"line":25,"column":null}},"6":{"start":{"line":27,"column":4},"end":{"line":29,"column":null}},"7":{"start":{"line":28,"column":6},"end":{"line":28,"column":null}},"8":{"start":{"line":31,"column":28},"end":{"line":31,"column":null}},"9":{"start":{"line":32,"column":4},"end":{"line":32,"column":null}},"10":{"start":{"line":34,"column":23},"end":{"line":34,"column":null}},"11":{"start":{"line":36,"column":4},"end":{"line":36,"column":null}}},"fnMap":{"0":{"name":"(anonymous_0)","decl":{"start":{"line":15,"column":2},"end":{"line":15,"column":22}},"loc":{"start":{"line":15,"column":97},"end":{"line":15,"column":null}}},"1":{"name":"(anonymous_1)","decl":{"start":{"line":17,"column":2},"end":{"line":17,"column":8}},"loc":{"start":{"line":17,"column":35},"end":{"line":37,"column":null}}}},"branchMap":{"0":{"loc":{"start":{"line":21,"column":4},"end":{"line":23,"column":null}},"type":"if","locations":[{"start":{"line":21,"column":4},"end":{"line":23,"column":null}},{"start":{"line":21,"column":4},"end":{"line":23,"column":null}}]},"1":{"loc":{"start":{"line":21,"column":7},"end":{"line":21,"column":41}},"type":"binary-expr","locations":[{"start":{"line":21,"column":7},"end":{"line":21,"column":25}},{"start":{"line":21,"column":25},"end":{"line":21,"column":41}}]},"2":{"loc":{"start":{"line":27,"column":4},"end":{"line":29,"column":null}},"type":"if","locations":[{"start":{"line":27,"column":4},"end":{"line":29,"column":null}},{"start":{"line":27,"column":4},"end":{"line":29,"column":null}}]}},"s":{"0":0,"1":0,"2":0,"3":0,"4":0,"5":0,"6":0,"7":0,"8":0,"9":0,"10":0,"11":0},"f":{"0":0,"1":0},"b":{"0":[0,0],"1":[0,0],"2":[0,0]}}
,"D:/Projetos-Api/api-medical_appointment/src/modules/users/useCases/create-user/index.ts": {"path":"D:/Projetos-Api/api-medical_appointment/src/modules/users/useCases/create-user/index.ts","statementMap":{"0":{"start":{"line":6,"column":29},"end":{"line":6,"column":null}},"1":{"start":{"line":7,"column":23},"end":{"line":7,"column":null}},"2":{"start":{"line":8,"column":29},"end":{"line":11,"column":null}}},"fnMap":{},"branchMap":{},"s":{"0":0,"1":0,"2":0},"f":{},"b":{}}
,"D:/Projetos-Api/api-medical_appointment/src/routes/specialilty.routes.ts": {"path":"D:/Projetos-Api/api-medical_appointment/src/routes/specialilty.routes.ts","statementMap":{"0":{"start":{"line":6,"column":25},"end":{"line":6,"column":null}},"1":{"start":{"line":8,"column":0},"end":{"line":13,"column":null}},"2":{"start":{"line":12,"column":4},"end":{"line":12,"column":null}}},"fnMap":{"0":{"name":"(anonymous_0)","decl":{"start":{"line":11,"column":1},"end":{"line":11,"column":8}},"loc":{"start":{"line":11,"column":29},"end":{"line":13,"column":1}}}},"branchMap":{},"s":{"0":0,"1":0,"2":0},"f":{"0":0},"b":{}}
,"D:/Projetos-Api/api-medical_appointment/src/routes/user.routes.ts": {"path":"D:/Projetos-Api/api-medical_appointment/src/routes/user.routes.ts","statementMap":{"0":{"start":{"line":6,"column":19},"end":{"line":6,"column":null}},"1":{"start":{"line":8,"column":0},"end":{"line":10,"column":null}},"2":{"start":{"line":9,"column":4},"end":{"line":9,"column":null}},"3":{"start":{"line":13,"column":0},"end":{"line":15,"column":null}},"4":{"start":{"line":14,"column":4},"end":{"line":14,"column":null}}},"fnMap":{"0":{"name":"(anonymous_0)","decl":{"start":{"line":8,"column":26},"end":{"line":8,"column":33}},"loc":{"start":{"line":8,"column":54},"end":{"line":10,"column":1}}},"1":{"name":"(anonymous_1)","decl":{"start":{"line":13,"column":26},"end":{"line":13,"column":33}},"loc":{"start":{"line":13,"column":54},"end":{"line":15,"column":1}}}},"branchMap":{},"s":{"0":0,"1":0,"2":0,"3":0,"4":0},"f":{"0":0,"1":0},"b":{}}
,"D:/Projetos-Api/api-medical_appointment/src/utils/logger.ts": {"path":"D:/Projetos-Api/api-medical_appointment/src/utils/logger.ts","statementMap":{"0":{"start":{"line":3,"column":15},"end":{"line":17,"column":null}}},"fnMap":{},"branchMap":{},"s":{"0":0},"f":{},"b":{}}
}
